<?xml version="1.0" encoding="UTF-8"?>
<!-- Generated by org.testng.reporters.JUnitReportReporter -->
<testsuite hostname="IN-DEEPAK-GUPTA-CYG592" failures="0" tests="6" name="testCases.TC003_LoginDDT" time="35.107" errors="0" timestamp="2024-09-16T18:05:02 IST" skipped="0">
  <testcase classname="testCases.TC003_LoginDDT" name="verify_loginDDT" time="6.685"/>
  <testcase classname="testCases.TC003_LoginDDT" name="verify_loginDDT" time="4.586"/>
  <testcase classname="testCases.TC003_LoginDDT" name="verify_loginDDT" time="4.566"/>
  <testcase classname="testCases.TC003_LoginDDT" name="verify_loginDDT" time="6.331"/>
  <testcase classname="testCases.TC003_LoginDDT" name="verify_loginDDT" time="6.637"/>
  <testcase classname="testCases.TC003_LoginDDT" name="verify_loginDDT" time="6.302"/>
</testsuite> <!-- testCases.TC003_LoginDDT -->
