<?xml version="1.0" encoding="UTF-8"?>
<!-- Generated by org.testng.reporters.JUnitReportReporter -->
<testsuite hostname="IN-DEEPAK-GUPTA-CYG592" failures="0" tests="1" name="testCases.TC002_LoginTest" time="1.494" errors="0" timestamp="2024-09-17T11:16:05 IST" skipped="0">
  <testcase classname="testCases.TC002_LoginTest" name="verify_login" time="1.494"/>
</testsuite> <!-- testCases.TC002_LoginTest -->
