<?xml version="1.0" encoding="UTF-8"?>
<!-- Generated by org.testng.reporters.JUnitReportReporter -->
<testsuite hostname="IN-DEEPAK-GUPTA-CYG592" failures="0" tests="6" name="testCases.TC003_LoginDDT" time="35.654" errors="0" timestamp="2024-09-17T11:22:41 IST" skipped="0">
  <testcase classname="testCases.TC003_LoginDDT" name="verify_loginDDT" time="6.773"/>
  <testcase classname="testCases.TC003_LoginDDT" name="verify_loginDDT" time="6.472"/>
  <testcase classname="testCases.TC003_LoginDDT" name="verify_loginDDT" time="4.667"/>
  <testcase classname="testCases.TC003_LoginDDT" name="verify_loginDDT" time="6.723"/>
  <testcase classname="testCases.TC003_LoginDDT" name="verify_loginDDT" time="4.589"/>
  <testcase classname="testCases.TC003_LoginDDT" name="verify_loginDDT" time="6.430"/>
</testsuite> <!-- testCases.TC003_LoginDDT -->
