<?xml version="1.0" encoding="UTF-8"?>
<!-- Generated by org.testng.reporters.JUnitReportReporter -->
<testsuite hostname="IN-DEEPAK-GUPTA-CYG592" failures="0" tests="1" name="testCases.TC_AccountRegister" time="3.060" errors="0" timestamp="2024-09-17T11:22:41 IST" skipped="0">
  <testcase classname="testCases.TC_AccountRegister" name="verifyaccountregister" time="3.060"/>
</testsuite> <!-- testCases.TC_AccountRegister -->
